C51 COMPILER V9.60.7.0   TUBE                                                              01/18/2023 20:30:17 PAGE 1   


C51 COMPILER V9.60.7.0, COMPILATION OF MODULE TUBE
OBJECT MODULE PLACED IN .\Objects\Tube.obj
COMPILER INVOKED BY: C:\Keil_v5\C51\BIN\C51.EXE Tube.c OPTIMIZE(8,SPEED) BROWSE DEBUG OBJECTEXTEND PRINT(.\Listings\Tube
                    -.lst) TABS(2) OBJECT(.\Objects\Tube.obj)

line level    source

   1          #include "reg52.h"
   2          
   3          // 0~F
   4          unsigned char SMGNoDot_CA[16] = {0xc0,0xf9,0xa4,0xb0,0x99,0x92,0x82,0xf8,0x80,0x90,0x88,0x83,0xc6,0xa1,0x8
             -6,0x8e};
   5          unsigned char SMGDot_CA[16] = {0xc0,0xf9,0xa4,0xb0,0x99,0x92,0x82,0xf8,0x80,0x90,0x88,0x83,0xc6,0xa1,0x86,
             -0x8e};
   6          unsigned char SMGNoDot_CC[16] = {0x3f,0x06,0x5b,0x4f,0x66,0x6d,0x7d,0x07,0x7f,0x6f,0x77,0x7c,0x39,0x5e,0x7
             -9,0x71};
   7          unsigned char SMGDot_CC[16] = {0xbf,0x86,0xdb,0xcf,0xe6,0xed,0xfd,0x87,0xff,0xef,0xf7,0xfc,0xb9,0xde,0xf9,
             -0xf1};
   8          
   9          sbit C1 = P2^7;
  10          sbit C2 = P2^6;
  11          sbit C3 = P2^5;
  12          sbit C4 = P2^4;
  13          
  14          void delay(unsigned int t){
  15   1        while(t--);
  16   1      }
  17          
  18          void displayNum(unsigned i){
  19   1        P0 = SMGNoDot_CA[i];
  20   1      }
  21          
  22          void displayNumDot(unsigned i){
  23   1        P0 = SMGDot_CA[i];
  24   1      }
  25          
  26          void displayTube(){
  27   1        char i;
  28   1        P2 = 0x00;
  29   1        C1 = 1;
  30   1        for(i = 0; i < 10; i++){
  31   2          displayNum(i);
  32   2          delay(50000);
  33   2        }
  34   1        C2 = 1;
  35   1        for(i = 0; i < 10; i++){
  36   2          displayNum(i);
  37   2          delay(50000);
  38   2        }
  39   1        C3 = 1;
  40   1        for(i = 0; i < 10; i++){
  41   2          displayNum(i);
  42   2          delay(50000);
  43   2        }
  44   1        C4 = 1;
  45   1        for(i = 0; i < 10; i++){
  46   2          displayNum(i);
  47   2          delay(50000);
  48   2        }
  49   1      }
  50          
C51 COMPILER V9.60.7.0   TUBE                                                              01/18/2023 20:30:17 PAGE 2   

  51          void main(){
  52   1        
  53   1        while(1){
  54   2          delay(10000);
  55   2          displayTube();
  56   2        }
  57   1      }


MODULE INFORMATION:   STATIC OVERLAYABLE
   CODE SIZE        =     99    ----
   CONSTANT SIZE    =   ----    ----
   XDATA SIZE       =   ----    ----
   PDATA SIZE       =   ----    ----
   DATA SIZE        =     64    ----
   IDATA SIZE       =   ----    ----
   BIT SIZE         =   ----    ----
END OF MODULE INFORMATION.


C51 COMPILATION COMPLETE.  0 WARNING(S),  0 ERROR(S)
