C51 COMPILER V9.60.7.0   MYTIMER                                                           01/28/2023 23:21:53 PAGE 1   


C51 COMPILER V9.60.7.0, COMPILATION OF MODULE MYTIMER
OBJECT MODULE PLACED IN .\Objects\mytimer.obj
COMPILER INVOKED BY: C:\Keil_v5\C51\BIN\C51.EXE ..\lib\mytimer.c OPTIMIZE(8,SPEED) BROWSE INCDIR(..\lib) DEBUG OBJECTEXT
                    -END PRINT(.\Listings\mytimer.lst) TABS(2) OBJECT(.\Objects\mytimer.obj)

line level    source

   1          /*-*- gcc 10.3.0 -*-*/
   2          /*-*- coding:utf-8 -*-*/
   3          /***************************************************************************************************
   4          * File: \mytimer.c                                                                                 *
   5          * Project: lib                                                                                     *
   6          * Created Date: Saturday Jan 28th 2023, 7:30:56 pm                                                 *
   7          * Author: Wenren Muyan                                                                             *
   8          * Comments:                                                                                        *
   9          * --------------------------------------------------------------------------------                 *
  10          * Last Modified: 28/01/2023 07:50:42                                                               *
  11          * Modified By: Wenren Muyan                                                                        *
  12          * --------------------------------------------------------------------------------                 *
  13          * Copyright (c) 2023 - future Wenren Muyan                                                         *
  14          * --------------------------------------------------------------------------------                 *
  15          * HISTORY:                                                                                         *
  16          * Date        By        Comments                                                       *
  17          * --------------------------------------------------------------------------------                 *
  18          ***************************************************************************************************/
  19          
  20          #include "mytimer.h"
  21          
  22          // 
  23          void initT0(int n, unsigned flag){
*** WARNING C235 IN LINE 23 OF ..\lib\mytimer.c: parameter 2: different types
  24   1          TMOD = 0x01;                     // 0000 0001
  25   1          TH0  = (65536 - n) / 256;        // upper 4 bits
  26   1          TH1  = (65536 - n) % 256;        // lower 4 bits
  27   1      
  28   1          ET0  = 1;
  29   1          EA   = 1;
  30   1          TR0  = flag;
  31   1      }


MODULE INFORMATION:   STATIC OVERLAYABLE
   CODE SIZE        =    104    ----
   CONSTANT SIZE    =   ----    ----
   XDATA SIZE       =   ----    ----
   PDATA SIZE       =   ----    ----
   DATA SIZE        =   ----       4
   IDATA SIZE       =   ----    ----
   BIT SIZE         =   ----    ----
END OF MODULE INFORMATION.


C51 COMPILATION COMPLETE.  1 WARNING(S),  0 ERROR(S)
