C51 COMPILER V9.60.7.0   MAIN                                                              01/16/2023 23:50:30 PAGE 1   


C51 COMPILER V9.60.7.0, COMPILATION OF MODULE MAIN
OBJECT MODULE PLACED IN .\Objects\main.obj
COMPILER INVOKED BY: C:\Keil_v5\C51\BIN\C51.EXE main.c OPTIMIZE(8,SPEED) BROWSE INCDIR(C:\Keil_v5\C51) DEBUG OBJECTEXTEN
                    -D PRINT(.\Listings\main.lst) TABS(2) OBJECT(.\Objects\main.obj)

line level    source

   1          #include "reg52.h"
   2          
   3          sbit D1 = P1^0;
   4          sbit D2 = P1^1;
   5          sbit D3 = P1^2;
   6          sbit D4 = P1^3;
   7          sbit D5 = P1^4;
   8          sbit D6 = P1^5;
   9          sbit D7 = P1^6;
  10          sbit D8 = P1^7;
  11          
  12          void delay(unsigned int t){
  13   1        while(t--);
  14   1      }
  15          
  16          void LEDShining(){
  17   1        char i;
  18   1        for(i = 0; i < 3; i++){
  19   2          P1 = 0x00;
  20   2          delay(40000);
  21   2          P1 = 0xff;
  22   2          delay(40000);
  23   2        }
  24   1      }
  25          
  26          void LEDRunning(){
  27   1        unsigned char i;
  28   1        for(i = 0; i < 8; i++){
  29   2          P1 = 0xff << i;
  30   2          delay(100000);
  31   2        }
  32   1        
  33   1        for(i = 0; i < 8; i++){
  34   2          P1 = ~(0xff << i);
  35   2          delay(100000);
  36   2        }
  37   1      }
  38          
  39          void main(){
  40   1        while(1){
  41   2          LEDShining();
  42   2          LEDRunning();
  43   2        }
  44   1      }


MODULE INFORMATION:   STATIC OVERLAYABLE
   CODE SIZE        =     94    ----
   CONSTANT SIZE    =   ----    ----
   XDATA SIZE       =   ----    ----
   PDATA SIZE       =   ----    ----
   DATA SIZE        =   ----    ----
   IDATA SIZE       =   ----    ----
   BIT SIZE         =   ----    ----
C51 COMPILER V9.60.7.0   MAIN                                                              01/16/2023 23:50:30 PAGE 2   

END OF MODULE INFORMATION.


C51 COMPILATION COMPLETE.  0 WARNING(S),  0 ERROR(S)
