C51 COMPILER V9.60.7.0   MAIN                                                              01/28/2023 11:31:31 PAGE 1   


C51 COMPILER V9.60.7.0, COMPILATION OF MODULE MAIN
OBJECT MODULE PLACED IN .\Objects\main.obj
COMPILER INVOKED BY: C:\Keil_v5\C51\BIN\C51.EXE main.c OPTIMIZE(8,SPEED) BROWSE DEBUG OBJECTEXTEND PRINT(.\Listings\main
                    -.lst) TABS(2) OBJECT(.\Objects\main.obj)

line level    source

   1          #include "reg52.h"
   2          #include "mylib.h"
*** WARNING C318 IN LINE 2 OF main.c: can't open file 'mylib.h'
   3          #include "myled.h"
*** WARNING C318 IN LINE 3 OF main.c: can't open file 'myled.h'
   4          #include "mykey.h"
*** WARNING C318 IN LINE 4 OF main.c: can't open file 'mykey.h'
   5          
   6          void scanKey(){
   7   1        if(SW3 == 0){
*** ERROR C202 IN LINE 7 OF main.c: 'SW3': undefined identifier
   8   2         delay(200);
   9   2         if(SW3 == 1){
  10   3         while(SW3 == 0);
  11   3         D1 = ~D1;
  12   3         }
  13   2       }
  14   1      }
  15          
  16          int main(){
  17   1        while(1){
  18   2          //programTest();
  19   2          scanKey();
  20   2        }
  21   1      }

C51 COMPILATION COMPLETE.  3 WARNING(S),  1 ERROR(S)
