C51 COMPILER V9.60.7.0   MYKEY                                                             01/28/2023 11:31:31 PAGE 1   


C51 COMPILER V9.60.7.0, COMPILATION OF MODULE MYKEY
OBJECT MODULE PLACED IN .\Objects\mykey.obj
COMPILER INVOKED BY: C:\Keil_v5\C51\BIN\C51.EXE ..\lib\mykey.c OPTIMIZE(8,SPEED) BROWSE DEBUG OBJECTEXTEND PRINT(.\Listi
                    -ngs\mykey.lst) TABS(2) OBJECT(.\Objects\mykey.obj)

line level    source

   1          /*-*- gcc 10.3.0 -*-*/
   2          /*-*- coding:utf-8 -*-*/
   3          /***************************************************************************************************
   4          * File: \mykey.c                                                                                   *
   5          * Project: lib                                                                                     *
   6          * Created Date: Friday Jan 27th 2023, 11:09:54 am                                                  *
   7          * Author: Wenren Muyan                                                                             *
   8          * Comments:                                                                                        *
   9          * --------------------------------------------------------------------------------                 *
  10          * Last Modified: 28/01/2023 09:25:47                                                               *
  11          * Modified By: Wenren Muyan                                                                        *
  12          * --------------------------------------------------------------------------------                 *
  13          * Copyright (c) 2023 - future Wenren Muyan                                                         *
  14          * --------------------------------------------------------------------------------                 *
  15          * HISTORY:                                                                                         *
  16          * Date        By        Comments                                                       *
  17          * --------------------------------------------------------------------------------                 *
  18          ***************************************************************************************************/
  19          
  20          
  21          #include "mykey.h"
  22          
  23          // void scanKey(sbit * SW, void (* func)()){
  24          //     if(*SW == 0){
  25          //         delay(200);
  26          //         if(*SW == 1){
  27          //             while(*SW == 0);
  28          //             func();
  29          //         }
  30          //     }
  31          // }


MODULE INFORMATION:   STATIC OVERLAYABLE
   CODE SIZE        =   ----    ----
   CONSTANT SIZE    =   ----    ----
   XDATA SIZE       =   ----    ----
   PDATA SIZE       =   ----    ----
   DATA SIZE        =   ----    ----
   IDATA SIZE       =   ----    ----
   BIT SIZE         =   ----    ----
END OF MODULE INFORMATION.


C51 COMPILATION COMPLETE.  0 WARNING(S),  0 ERROR(S)
