C51 COMPILER V9.60.7.0   MYTUBE                                                            01/28/2023 11:31:32 PAGE 1   


C51 COMPILER V9.60.7.0, COMPILATION OF MODULE MYTUBE
OBJECT MODULE PLACED IN .\Objects\mytube.obj
COMPILER INVOKED BY: C:\Keil_v5\C51\BIN\C51.EXE ..\lib\mytube.c OPTIMIZE(8,SPEED) BROWSE DEBUG OBJECTEXTEND PRINT(.\List
                    -ings\mytube.lst) TABS(2) OBJECT(.\Objects\mytube.obj)

line level    source

   1          /*-*- gcc 10.3.0 -*-*/
   2          /*-*- coding:utf-8 -*-*/
   3          /***************************************************************************************************
   4          * File: \mytube.c                                                                                  *
   5          * Project: lib                                                                                     *
   6          * Created Date: Wednesday Jan 18th 2023, 9:14:06 pm                                                *
   7          * Author: Wenren Muyan                                                                             *
   8          * Comments:                                                                                        *
   9          * --------------------------------------------------------------------------------                 *
  10          * Last Modified: 18/01/2023 09:46:25                                                               *
  11          * Modified By: Wenren Muyan                                                                        *
  12          * --------------------------------------------------------------------------------                 *
  13          * Copyright (c) 2023 - future Wenren Muyan                                                         *
  14          * --------------------------------------------------------------------------------                 *
  15          * HISTORY:                                                                                         *
  16          * Date        By        Comments                                                       *
  17          * --------------------------------------------------------------------------------                 *
  18          ***************************************************************************************************/
  19          
  20          
  21          #include "mytube.h"
  22          #include "mylib.h"
  23          
  24          void delayNixieTube(){
  25   1          unsigned int t = 100;
  26   1          while(t--);
  27   1      }
  28          
  29          void displayNumBit_CA(unsigned char b, unsigned char n){
  30   1          P0 = 0xff;
  31   1      
  32   1          switch (b){
  33   2          case 1:
  34   2              C1 = 1, C2 = 0, C3 = 0, C4 = 0;
  35   2              break;
  36   2          case 2:
  37   2              C1 = 0, C2 = 1, C3 = 0, C4 = 0;
  38   2              break;
  39   2          case 3:
  40   2              C1 = 0, C2 = 0, C3 = 1, C4 = 0;
  41   2              break;
  42   2          case 4:
  43   2              C1 = 0, C2 = 0, C3 = 0, C4 = 1;
  44   2              break;
  45   2      
  46   2          default:
  47   2              C1 = 0, C2 = 0, C3 = 0, C4 = 0;
  48   2              break;
  49   2          }
  50   1      
  51   1          P0 = nixieTubeNoDot_CA[n];
  52   1      }
  53          
  54          void displayNum_CA(int n){
C51 COMPILER V9.60.7.0   MYTUBE                                                            01/28/2023 11:31:32 PAGE 2   

  55   1          displayNumBit_CA(1, n / 1000);
  56   1          delayNixieTube();
  57   1      
  58   1          displayNumBit_CA(2, (n % 1000) / 100);
  59   1          delayNixieTube();
  60   1      
  61   1          displayNumBit_CA(3, (n % 100) / 10);
  62   1          delayNixieTube();
  63   1      
  64   1          displayNumBit_CA(4, n % 10);
  65   1          delayNixieTube();
  66   1      }


MODULE INFORMATION:   STATIC OVERLAYABLE
   CODE SIZE        =    184    ----
   CONSTANT SIZE    =   ----    ----
   XDATA SIZE       =   ----    ----
   PDATA SIZE       =   ----    ----
   DATA SIZE        =     64    ----
   IDATA SIZE       =   ----    ----
   BIT SIZE         =   ----    ----
END OF MODULE INFORMATION.


C51 COMPILATION COMPLETE.  0 WARNING(S),  0 ERROR(S)
