C51 COMPILER V9.60.7.0   MYTUBE                                                            01/31/2023 11:59:40 PAGE 1   


C51 COMPILER V9.60.7.0, COMPILATION OF MODULE MYTUBE
OBJECT MODULE PLACED IN .\Objects\mytube.obj
COMPILER INVOKED BY: C:\Keil_v5\C51\BIN\C51.EXE ..\lib\mytube.c OPTIMIZE(8,SPEED) BROWSE INCDIR(..\lib) DEBUG OBJECTEXTE
                    -ND PRINT(.\Listings\mytube.lst) TABS(2) OBJECT(.\Objects\mytube.obj)

line level    source

   1          /*-*- gcc 10.3.0 -*-*/
   2          /*-*- coding:utf-8 -*-*/
   3          /***************************************************************************************************
   4          * File: \mytube.c                                                                                  *
   5          * Project: lib                                                                                     *
   6          * Created Date: Wednesday Jan 18th 2023, 9:14:06 pm                                                *
   7          * Author: Wenren Muyan                                                                             *
   8          * Comments:                                                                                        *
   9          * --------------------------------------------------------------------------------                 *
  10          * Last Modified: 28/01/2023 07:18:6                                                                *
  11          * Modified By: Wenren Muyan                                                                        *
  12          * --------------------------------------------------------------------------------                 *
  13          * Copyright (c) 2023 - future Wenren Muyan                                                         *
  14          * --------------------------------------------------------------------------------                 *
  15          * HISTORY:                                                                                         *
  16          * Date        By        Comments                                                       *
  17          * --------------------------------------------------------------------------------                 *
  18          ***************************************************************************************************/
  19          
  20          
  21          #include "mytube.h"
  22          
  23          unsigned char nixieTubeNoDot_CA[16] = {0xc0,0xf9,0xa4,0xb0,0x99,0x92,0x82,0xf8,0x80,0x90,0x88,0x83,0xc6,0x
             -a1,0x86,0x8e};
  24          unsigned char nixieTubeDot_CA[16] = {0xc0,0xf9,0xa4,0xb0,0x99,0x92,0x82,0xf8,0x80,0x90,0x88,0x83,0xc6,0xa1
             -,0x86,0x8e};
  25          unsigned char nixieTubeNoDot_CC[16] = {0x3f,0x06,0x5b,0x4f,0x66,0x6d,0x7d,0x07,0x7f,0x6f,0x77,0x7c,0x39,0x
             -5e,0x79,0x71};
  26          unsigned char nixieTubeDot_CC[16] = {0xbf,0x86,0xdb,0xcf,0xe6,0xed,0xfd,0x87,0xff,0xef,0xf7,0xfc,0xb9,0xde
             -,0xf9,0xf1};
  27          
  28          void delayNixieTube(){
  29   1          unsigned int t = 100;
  30   1          while(t--);
  31   1      }
  32          
  33          void displayNumBit_CA(unsigned char b, unsigned char n){
  34   1          P0 = 0xff;
  35   1      
  36   1          switch (b){
  37   2          case 1:
  38   2              C1 = 1, C2 = 0, C3 = 0, C4 = 0;
  39   2              break;
  40   2          case 2:
  41   2              C1 = 0, C2 = 1, C3 = 0, C4 = 0;
  42   2              break;
  43   2          case 3:
  44   2              C1 = 0, C2 = 0, C3 = 1, C4 = 0;
  45   2              break;
  46   2          case 4:
  47   2              C1 = 0, C2 = 0, C3 = 0, C4 = 1;
  48   2              break;
  49   2      
  50   2          default:
C51 COMPILER V9.60.7.0   MYTUBE                                                            01/31/2023 11:59:40 PAGE 2   

  51   2              C1 = 0, C2 = 0, C3 = 0, C4 = 0;
  52   2              break;
  53   2          }
  54   1      
  55   1          P0 = nixieTubeNoDot_CA[n];
  56   1      }
  57          
  58          void displayNum4_CA(int n){
  59   1          displayNumBit_CA(1, n / 1000);
  60   1          delayNixieTube();
  61   1      
  62   1          displayNumBit_CA(2, (n % 1000) / 100);
  63   1          delayNixieTube();
  64   1      
  65   1          displayNumBit_CA(3, (n % 100) / 10);
  66   1          delayNixieTube();
  67   1      
  68   1          displayNumBit_CA(4, n % 10);
  69   1          delayNixieTube();
  70   1      }
  71          
  72          void displayNumSep4_CA(unsigned char n1, unsigned char n2, unsigned char n3, unsigned char n4){
  73   1          displayNumBit_CA(1, n1 % 10);
  74   1          delayNixieTube();
  75   1      
  76   1          displayNumBit_CA(2, n2 % 10);
  77   1          delayNixieTube();
  78   1      
  79   1          displayNumBit_CA(3, n3 % 10);
  80   1          delayNixieTube();
  81   1      
  82   1          displayNumBit_CA(4, n4 % 10);
  83   1          delayNixieTube();
  84   1      }
  85          
  86          void delay_t(unsigned int t, int cnt){
  87   1        while(t--){
  88   2          displayNum4_CA(cnt);
  89   2        }
  90   1      }


MODULE INFORMATION:   STATIC OVERLAYABLE
   CODE SIZE        =    266    ----
   CONSTANT SIZE    =   ----    ----
   XDATA SIZE       =   ----    ----
   PDATA SIZE       =   ----    ----
   DATA SIZE        =     64       6
   IDATA SIZE       =   ----    ----
   BIT SIZE         =   ----    ----
END OF MODULE INFORMATION.


C51 COMPILATION COMPLETE.  0 WARNING(S),  0 ERROR(S)
