C51 COMPILER V9.60.7.0   MYUART                                                            01/31/2023 11:59:40 PAGE 1   


C51 COMPILER V9.60.7.0, COMPILATION OF MODULE MYUART
OBJECT MODULE PLACED IN .\Objects\myuart.obj
COMPILER INVOKED BY: C:\Keil_v5\C51\BIN\C51.EXE ..\lib\myuart.c OPTIMIZE(8,SPEED) BROWSE INCDIR(..\lib) DEBUG OBJECTEXTE
                    -ND PRINT(.\Listings\myuart.lst) TABS(2) OBJECT(.\Objects\myuart.obj)

line level    source

   1          /*-*- gcc 10.3.0 -*-*/
   2          /*-*- coding:utf-8 -*-*/
   3          /***************************************************************************************************
   4          * File: \myuart.c                                                                                  *
   5          * Project: lib                                                                                     *
   6          * Created Date: Tuesday Jan 31st 2023, 11:22:11 am                                                 *
   7          * Author: Wenren Muyan                                                                             *
   8          * Comments:                                                                                        *
   9          * --------------------------------------------------------------------------------                 *
  10          * Last Modified: 31/01/2023 11:57:38                                                               *
  11          * Modified By: Wenren Muyan                                                                        *
  12          * --------------------------------------------------------------------------------                 *
  13          * Copyright (c) 2023 - future Wenren Muyan                                                         *
  14          * --------------------------------------------------------------------------------                 *
  15          * HISTORY:                                                                                         *
  16          * Date        By        Comments                                                       *
  17          * --------------------------------------------------------------------------------                 *
  18          ***************************************************************************************************/
  19          
  20          
  21          #include "myuart.h"
  22          
  23          void initUart(){
  24   1          // set the baud rate
  25   1          TMOD = 0x20;
  26   1          TH1  = 0Xf3;
  27   1          TL1  = 0xf3;
  28   1          TR1  = 1;
  29   1      
  30   1          // set the output
  31   1          SCON = 0x50;
  32   1      
  33   1          // energy the interruption
  34   1          ES   = 1;
  35   1          EA   = 1; 
  36   1      }
  37          
  38          void sendByte(unsigned char dat){
  39   1          SBUF = dat;
  40   1          while(TI == 0);
  41   1          TI = 0;
  42   1      }
  43          
  44          void sendString(unsigned char * str){
  45   1          while(*str != '\0'){
  46   2              sendByte(*str++);
  47   2          }
  48   1      }


MODULE INFORMATION:   STATIC OVERLAYABLE
   CODE SIZE        =     64    ----
   CONSTANT SIZE    =   ----    ----
   XDATA SIZE       =   ----    ----
C51 COMPILER V9.60.7.0   MYUART                                                            01/31/2023 11:59:40 PAGE 2   

   PDATA SIZE       =   ----    ----
   DATA SIZE        =   ----       3
   IDATA SIZE       =   ----    ----
   BIT SIZE         =   ----    ----
END OF MODULE INFORMATION.


C51 COMPILATION COMPLETE.  0 WARNING(S),  0 ERROR(S)
