C51 COMPILER V9.60.7.0   MAIN                                                              01/28/2023 12:05:29 PAGE 1   


C51 COMPILER V9.60.7.0, COMPILATION OF MODULE MAIN
OBJECT MODULE PLACED IN .\Objects\main.obj
COMPILER INVOKED BY: C:\Keil_v5\C51\BIN\C51.EXE main.c OPTIMIZE(8,SPEED) BROWSE INCDIR(..\lib) DEBUG OBJECTEXTEND PRINT(
                    -.\Listings\main.lst) TABS(2) OBJECT(.\Objects\main.obj)

line level    source

   1          #include "reg52.h"
   2          #include "myled.h"
   3          
   4          unsigned int cnt = 0;
   5          
   6          void initT0(){
   7   1        TMOD = 0x01;                    // 0000 0001
   8   1        TH0  = (65536 - 50000) / 256;   //
   9   1        TL0  = (65536 - 50000) % 256;   //
  10   1        
  11   1        ET0  = 1;
  12   1        EA   = 1;
  13   1        TR0  = 1;
  14   1      }
  15          
  16          void serviceT0() interrupt 1{
  17   1        TH0 = (65536 - 50000) / 256;
  18   1        TL0 = (65536 - 50000) % 256;
  19   1        
  20   1        cnt++;
  21   1        if(cnt == 20){
  22   2          cnt = 0;
  23   2          D1 = ~D1;
  24   2        }
  25   1      }
  26          
  27          void main(){
  28   1        initT0();
  29   1        while(1);
  30   1      }
  31          
  32          
  33          


MODULE INFORMATION:   STATIC OVERLAYABLE
   CODE SIZE        =     52    ----
   CONSTANT SIZE    =   ----    ----
   XDATA SIZE       =   ----    ----
   PDATA SIZE       =   ----    ----
   DATA SIZE        =      2    ----
   IDATA SIZE       =   ----    ----
   BIT SIZE         =   ----    ----
END OF MODULE INFORMATION.


C51 COMPILATION COMPLETE.  0 WARNING(S),  0 ERROR(S)
