C51 COMPILER V9.60.7.0   MAIN                                                              01/19/2023 00:15:25 PAGE 1   


C51 COMPILER V9.60.7.0, COMPILATION OF MODULE MAIN
OBJECT MODULE PLACED IN .\Objects\main.obj
COMPILER INVOKED BY: C:\Keil_v5\C51\BIN\C51.EXE main.c OPTIMIZE(8,SPEED) BROWSE INCDIR(..\lib) DEBUG OBJECTEXTEND PRINT(
                    -.\Listings\main.lst) TABS(2) OBJECT(.\Objects\main.obj)

line level    source

   1          #include "reg52.h"
   2          #include "mytube.h"
   3          #include "mylib.h"
   4          #include "mytube.c"
   5          #include "mylib.c"
   6          #include "myled.h"
   7          
   8          unsigned int cnt1 = 0, cnt2 = 0;
   9          
  10          void displayBit(unsigned char b, unsigned char n){
  11   1          P0 = 0xff;
  12   1      
  13   1          switch (b){
  14   2          case 1:
  15   2              C1 = 1, C2 = 0, C3 = 0, C4 = 0;
  16   2              break;
  17   2          case 2:
  18   2              C1 = 0, C2 = 1, C3 = 0, C4 = 0;
  19   2              break;
  20   2          case 3:
  21   2              C1 = 0, C2 = 0, C3 = 1, C4 = 0;
  22   2              break;
  23   2          case 4:
  24   2              C1 = 0, C2 = 0, C3 = 0, C4 = 1;
  25   2              break;
  26   2      
  27   2          default:
  28   2              C1 = 0, C2 = 0, C3 = 0, C4 = 0;
  29   2              break;
  30   2          }
  31   1      
  32   1          P0 = n;
  33   1      }
  34          
  35          void displayNum(int n1, int n2){
  36   1          displayBit(1, (nixieTubeNoDot_CA[n2]));
  37   1          delayNixieTube();
  38   1      
  39   1          displayBit(2, 0xbf);
  40   1          delayNixieTube();
  41   1      
  42   1          displayBit(3, (nixieTubeNoDot_CA[n1 / 10]));
  43   1          delayNixieTube();
  44   1      
  45   1          displayBit(4, (nixieTubeNoDot_CA[n1 % 10]));
  46   1          delayNixieTube();
  47   1      }
  48          
  49          void delay_t(unsigned int t){
  50   1        while(t--){
  51   2          displayNum(cnt1, cnt2);
  52   2        }
  53   1      }
  54          
C51 COMPILER V9.60.7.0   MAIN                                                              01/19/2023 00:15:25 PAGE 2   

  55          void main(){
  56   1        D1 = 1, D2 = 1;
  57   1        while(1){
  58   2          // displayNum(, 0);
  59   2          delay_t(100);
  60   2          D1 = ~D1;
  61   2          delay_t(100);
  62   2          D1 = ~D1;
  63   2          cnt1++;
  64   2          if(cnt1 % 10 == 0){
  65   3            D2 = ~D2;
  66   3            cnt2++;
  67   3            if(cnt2 == 10){
  68   4              cnt2 = 0;
  69   4            }
  70   3          }
  71   2          
  72   2          if(cnt1 == 100){
  73   3            cnt1 = 0;
  74   3          }
  75   2        }
  76   1      }


MODULE INFORMATION:   STATIC OVERLAYABLE
   CODE SIZE        =    435    ----
   CONSTANT SIZE    =   ----    ----
   XDATA SIZE       =   ----    ----
   PDATA SIZE       =   ----    ----
   DATA SIZE        =     68    ----
   IDATA SIZE       =   ----    ----
   BIT SIZE         =   ----    ----
END OF MODULE INFORMATION.


C51 COMPILATION COMPLETE.  0 WARNING(S),  0 ERROR(S)
