C51 COMPILER V9.60.7.0   MIAN                                                              01/28/2023 11:35:34 PAGE 1   


C51 COMPILER V9.60.7.0, COMPILATION OF MODULE MIAN
OBJECT MODULE PLACED IN .\Objects\mian.obj
COMPILER INVOKED BY: C:\Keil_v5\C51\BIN\C51.EXE mian.c OPTIMIZE(8,SPEED) BROWSE INCDIR(..\lib) DEBUG OBJECTEXTEND PRINT(
                    -.\Listings\mian.lst) TABS(2) OBJECT(.\Objects\mian.obj)

line level    source

   1          #include "reg52.h"
   2          #include "myled.h"
   3          
   4          void initT0(){
   5   1        TMOD = 0x06;            // 0000 0110
   6   1        TH0  = 256 - 3;         // 最大计数值的高8位
   7   1        TL0  = 256 - 3;         // 最大计数值的低8位
   8   1        
   9   1        ET0 = 1;                // 使能定时器0中断
  10   1        EA  = 1;                // 使能总中断
  11   1        TR0 = 1;                // 启动定时器0
  12   1      }
  13          
  14          void serviceT0() interrupt 1{
  15   1        D1 = ~D1;
  16   1      }
  17          
  18          void main(){
  19   1        initT0();
  20   1        while(1);
  21   1      }
  22          
  23          
  24          
  25          


MODULE INFORMATION:   STATIC OVERLAYABLE
   CODE SIZE        =     24    ----
   CONSTANT SIZE    =   ----    ----
   XDATA SIZE       =   ----    ----
   PDATA SIZE       =   ----    ----
   DATA SIZE        =   ----    ----
   IDATA SIZE       =   ----    ----
   BIT SIZE         =   ----    ----
END OF MODULE INFORMATION.


C51 COMPILATION COMPLETE.  0 WARNING(S),  0 ERROR(S)
